#-----------------------------------------------------------
# Webtalk v2015.4 (64-bit)
# SW Build 1412921 on Wed Nov 18 09:43:45 MST 2015
# 
# Start of session at: Tue Jun 28 01:02:25 2016
# Process ID: 18480
# Current directory: C:/Users/fgalind1/Documents/Bristol/Thesis/Workspace/vivado/snn_izikevich/vivado/system.sdk/webtalk
# Command line: wbtcv.exe -mode batch -source sdk_webtalk.tcl
# Log file: C:/Users/fgalind1/Documents/Bristol/Thesis/Workspace/vivado/snn_izikevich/vivado/system.sdk/webtalk/webtalk.log
# Journal file: C:/Users/fgalind1/Documents/Bristol/Thesis/Workspace/vivado/snn_izikevich/vivado/system.sdk/webtalk\webtalk.jou
#-----------------------------------------------------------
source sdk_webtalk.tcl
# webtalk_init -webtalk_dir C:\\Users\\fgalind1\\Documents\\Bristol\\Thesis\\Workspace\\vivado\\snn_izikevich\\vivado\\system.sdk\\webtalk
# webtalk_register_client -client project
# webtalk_add_data -client project -key date_generated -value "Tue Jun 28 01:01:51 2016" -context "software_version_and_target_device"
# webtalk_add_data -client project -key product_version -value "SDK v2015.4" -context "software_version_and_target_device"
# webtalk_add_data -client project -key build_version -value "2015.4" -context "software_version_and_target_device"
# webtalk_add_data -client project -key os_platform -value "amd64" -context "software_version_and_target_device"
# webtalk_add_data -client project -key registration_id -value "" -context "software_version_and_target_device"
# webtalk_add_data -client project -key tool_flow -value "SDK" -context "software_version_and_target_device"
# webtalk_add_data -client project -key beta -value "false" -context "software_version_and_target_device"
# webtalk_add_data -client project -key route_design -value "NA" -context "software_version_and_target_device"
# webtalk_add_data -client project -key target_family -value "NA" -context "software_version_and_target_device"
# webtalk_add_data -client project -key target_device -value "NA" -context "software_version_and_target_device"
# webtalk_add_data -client project -key target_package -value "NA" -context "software_version_and_target_device"
# webtalk_add_data -client project -key target_speed -value "NA" -context "software_version_and_target_device"
# webtalk_add_data -client project -key random_id -value "lg6qavd94g3i6c989f7jpa31ud" -context "software_version_and_target_device"
# webtalk_add_data -client project -key project_id -value "2015.4_18" -context "software_version_and_target_device"
# webtalk_add_data -client project -key project_iteration -value "18" -context "software_version_and_target_device"
# webtalk_add_data -client project -key os_name -value "" -context "user_environment"
# webtalk_add_data -client project -key os_release -value "" -context "user_environment"
# webtalk_add_data -client project -key cpu_name -value "" -context "user_environment"
# webtalk_add_data -client project -key cpu_speed -value "" -context "user_environment"
# webtalk_add_data -client project -key total_processors -value "" -context "user_environment"
# webtalk_add_data -client project -key system_ram -value "" -context "user_environment"
# webtalk_register_client -client sdk
# webtalk_add_data -client sdk -key uid -value "1467026292989" -context "sdk\\\\bsp/1467026292989"
# webtalk_add_data -client sdk -key hwid -value "1466617838867" -context "sdk\\\\bsp/1467026292989"
# webtalk_add_data -client sdk -key os -value "standalone" -context "sdk\\\\bsp/1467026292989"
# webtalk_add_data -client sdk -key apptemplate -value "null" -context "sdk\\\\bsp/1467026292989"
# webtalk_add_data -client sdk -key uid -value "1467026908956" -context "sdk\\\\bsp/1467026908956"
# webtalk_add_data -client sdk -key hwid -value "1466617838867" -context "sdk\\\\bsp/1467026908956"
# webtalk_add_data -client sdk -key os -value "standalone" -context "sdk\\\\bsp/1467026908956"
# webtalk_add_data -client sdk -key apptemplate -value "null" -context "sdk\\\\bsp/1467026908956"
# webtalk_add_data -client sdk -key uid -value "1467027915609" -context "sdk\\\\bsp/1467027915609"
# webtalk_add_data -client sdk -key hwid -value "1466617838867" -context "sdk\\\\bsp/1467027915609"
# webtalk_add_data -client sdk -key os -value "standalone" -context "sdk\\\\bsp/1467027915609"
# webtalk_add_data -client sdk -key apptemplate -value "null" -context "sdk\\\\bsp/1467027915609"
# webtalk_add_data -client sdk -key uid -value "1467029827675" -context "sdk\\\\bsp/1467029827675"
# webtalk_add_data -client sdk -key hwid -value "1466617838867" -context "sdk\\\\bsp/1467029827675"
# webtalk_add_data -client sdk -key os -value "standalone" -context "sdk\\\\bsp/1467029827675"
# webtalk_add_data -client sdk -key apptemplate -value "null" -context "sdk\\\\bsp/1467029827675"
# webtalk_add_data -client sdk -key uid -value "1467032950589" -context "sdk\\\\bsp/1467032950589"
# webtalk_add_data -client sdk -key hwid -value "1466617838867" -context "sdk\\\\bsp/1467032950589"
# webtalk_add_data -client sdk -key os -value "standalone" -context "sdk\\\\bsp/1467032950589"
# webtalk_add_data -client sdk -key apptemplate -value "null" -context "sdk\\\\bsp/1467032950589"
# webtalk_transmit -clientid 3336211520 -regid "" -xml C:\\Users\\fgalind1\\Documents\\Bristol\\Thesis\\Workspace\\vivado\\snn_izikevich\\vivado\\system.sdk\\webtalk\\usage_statistics_ext_sdk.xml -html C:\\Users\\fgalind1\\Documents\\Bristol\\Thesis\\Workspace\\vivado\\snn_izikevich\\vivado\\system.sdk\\webtalk\\usage_statistics_ext_sdk.html -wdm C:\\Users\\fgalind1\\Documents\\Bristol\\Thesis\\Workspace\\vivado\\snn_izikevich\\vivado\\system.sdk\\webtalk\\sdk_webtalk.wdm -intro "<H3>SDK Usage Report</H3><BR>"

    while executing
"webtalk_transmit -clientid 3336211520 -regid "" -xml C:\\Users\\fgalind1\\Documents\\Bristol\\Thesis\\Workspace\\vivado\\snn_izikevich\\vivado\\system..."
    (file "sdk_webtalk.tcl" line 45)
INFO: [Common 17-206] Exiting Webtalk at Tue Jun 28 01:03:58 2016...
